social.are
group.are
help-wiz.are
help-spells.are
help-gods.are
help-skills.are
rom.are
help.are
olc.hlp
limbo.are
smurf.are
malphs.are
nethack.are
zoology.are
immort.are
drmscp.are
animal.are
catacomb.are
hood.are
mahntor.are
trollden.are
midgaard.are
chapel.are
antioch.are
grave.are
school.are
econnect.are
chess2.are
circus.are
reef144.are
thalos.are
aarak2.are
haon.are
arachnos.are
dwarven.are
daycare.are
quifael.are
sewer.are
amity.are
zoo2.are
marsh.are
dream.are
mall.are
grove.are
nirvana.are
canyon.are
galaxy.are
mobfact.are
newthalos.are
tohell.are
florin.are
museum.are
acastle_123.are
beholder.are
chessbrd.are
camelot1.are
avalonch.are
gdhoo.are
$
